There are violations in the selected AccessControlSystem 'Augur' and SmartContracts 'Market':
1) Role 'Market Creator' - Violation for OCL constraint 'edu.kit.kastel.sdq.AccessControlMetamodel.AccessControlSystem.impl.RoleImpl@57c5ada6{platform:/resource/Invoker/Augur/Augur.accesscontrolsystem#_OkgL0UxEEeyamoFIdSeJxw}':
No Message found.
2) Role 'Designated Reporter' - Violation for OCL constraint 'edu.kit.kastel.sdq.AccessControlMetamodel.AccessControlSystem.impl.RoleImpl@12d58b06{platform:/resource/Invoker/Augur/Augur.accesscontrolsystem#_WjqawUxEEeyamoFIdSeJxw}':
No Message found.
3) Role 'Open Reporter' - Violation for OCL constraint 'edu.kit.kastel.sdq.AccessControlMetamodel.AccessControlSystem.impl.RoleImpl@6ddc993a{platform:/resource/Invoker/Augur/Augur.accesscontrolsystem#_XVL08UxdEey-QZr4N-F2BA}':
No Message found.
4) Role 'Shareholder' - Violation for OCL constraint 'edu.kit.kastel.sdq.AccessControlMetamodel.AccessControlSystem.impl.RoleImpl@10c9c51d{platform:/resource/Invoker/Augur/Augur.accesscontrolsystem#_k00MMUxEEeyamoFIdSeJxw}':
No Message found.
5) Role 'Manager' - Violation for OCL constraint 'edu.kit.kastel.sdq.AccessControlMetamodel.AccessControlSystem.impl.RoleImpl@6a9be23f{platform:/resource/Invoker/Augur/Augur.accesscontrolsystem#_LVMwsUxkEeyjw6u_kicIaw}':
No Message found.
6) MutualRoleExclusion 'Creater cannot be designated Reporter' - Violation for OCL constraint 'edu.kit.kastel.sdq.AccessControlMetamodel.AccessControlSystem.impl.MutualRoleExclusionImpl@1b245c6e{platform:/resource/Invoker/Augur/Augur.accesscontrolsystem#_r8q_s0xEEeyamoFIdSeJxw}':
No Message found.
7) MutualRoleExclusion 'Designated reporter cannot be open Reporter' - Violation for OCL constraint 'edu.kit.kastel.sdq.AccessControlMetamodel.AccessControlSystem.impl.MutualRoleExclusionImpl@7810644d{platform:/resource/Invoker/Augur/Augur.accesscontrolsystem#_ZpGUI0xkEeyjw6u_kicIaw}':
No Message found.
8) MutualRoleExclusion 'Creater cannot be open Reporter' - Violation for OCL constraint 'edu.kit.kastel.sdq.AccessControlMetamodel.AccessControlSystem.impl.MutualRoleExclusionImpl@7092b5fa{platform:/resource/Invoker/Augur/Augur.accesscontrolsystem#_Xw8fs0xkEeyjw6u_kicIaw}':
No Message found.
9) MutualRoleExclusion 'Manager cannot be the markets creator' - Violation for OCL constraint 'edu.kit.kastel.sdq.AccessControlMetamodel.AccessControlSystem.impl.MutualRoleExclusionImpl@63ac148{platform:/resource/Invoker/Augur/Augur.accesscontrolsystem#_Swy_k0xkEeyjw6u_kicIaw}':
No Message found.
10) FunctionToStateVariableRelation 'Creating a new market increases the market counter' - Violation for OCL constraint 'edu.kit.kastel.sdq.AccessControlMetamodel.AccessControlSystem.impl.FunctionToStateVariableRelationImpl@3f442acd{platform:/resource/Invoker/Augur/Augur.accesscontrolsystem#_zjV9hUxBEeyamoFIdSeJxw}':
No Message found.
11) FunctionToStateVariableRelation 'Creating a new market adds to the array' - Violation for OCL constraint 'edu.kit.kastel.sdq.AccessControlMetamodel.AccessControlSystem.impl.FunctionToStateVariableRelationImpl@440d0364{platform:/resource/Invoker/Augur/Augur.accesscontrolsystem#_nLTRN1TxEeybde4cIdM2KA}':
No Message found.
12) FunctionToStateVariableRelation 'Set reporter address' - Violation for OCL constraint 'edu.kit.kastel.sdq.AccessControlMetamodel.AccessControlSystem.impl.FunctionToStateVariableRelationImpl@21d5437a{platform:/resource/Invoker/Augur/Augur.accesscontrolsystem#_93dfZUxGEeyamoFIdSeJxw}':
No Message found.
13) FunctionToStateVariableRelation 'Set reporter address' - Violation for OCL constraint 'edu.kit.kastel.sdq.AccessControlMetamodel.AccessControlSystem.impl.BooleanVariableContextImpl@7135f689{platform:/resource/Invoker/Augur/Augur.accesscontrolsystem#_C_yrIUxHEeyamoFIdSeJxw}':
No Message found.
14) FunctionToStateVariableRelation 'Mark reporter as set' - Violation for OCL constraint 'edu.kit.kastel.sdq.AccessControlMetamodel.AccessControlSystem.impl.FunctionToStateVariableRelationImpl@6fb9b820{platform:/resource/Invoker/Augur/Augur.accesscontrolsystem#_GzyrxUxIEeyamoFIdSeJxw}':
No Message found.
15) FunctionToStateVariableRelation 'Mark reporter as set' - Violation for OCL constraint 'edu.kit.kastel.sdq.AccessControlMetamodel.AccessControlSystem.impl.BooleanVariableContextImpl@43038090{platform:/resource/Invoker/Augur/Augur.accesscontrolsystem#_Iy8gEUxIEeyamoFIdSeJxw}':
No Message found.
16) FunctionToStateVariableRelation 'Start Trading if bonds are created already' - Violation for OCL constraint 'edu.kit.kastel.sdq.AccessControlMetamodel.AccessControlSystem.impl.FunctionToStateVariableRelationImpl@4846c519{platform:/resource/Invoker/Augur/Augur.accesscontrolsystem#_5zATB0xoEeyjw6u_kicIaw}':
No Message found.
17) FunctionToStateVariableRelation 'Start Trading if bonds are created already' - Violation for OCL constraint 'edu.kit.kastel.sdq.AccessControlMetamodel.AccessControlSystem.impl.BooleanVariableContextImpl@1699f326{platform:/resource/Invoker/Augur/Augur.accesscontrolsystem#_CUl5kUxpEeyjw6u_kicIaw}':
No Message found.
18) FunctionToStateVariableRelation 'Start Trading if bonds are created already' - Violation for OCL constraint 'edu.kit.kastel.sdq.AccessControlMetamodel.AccessControlSystem.impl.BooleanVariableContextImpl@3443316d{platform:/resource/Invoker/Augur/Augur.accesscontrolsystem#_u6WAAUxrEeyPQ88BzuemMA}':
No Message found.
19) FunctionToStateVariableRelation 'Creation bond is set' - Violation for OCL constraint 'edu.kit.kastel.sdq.AccessControlMetamodel.AccessControlSystem.impl.FunctionToStateVariableRelationImpl@6b9b2075{platform:/resource/Invoker/Augur/Augur.accesscontrolsystem#_Gk3UZUxHEeyamoFIdSeJxw}':
No Message found.
20) FunctionToStateVariableRelation 'Creation bond is set' - Violation for OCL constraint 'edu.kit.kastel.sdq.AccessControlMetamodel.AccessControlSystem.impl.BooleanVariableContextImpl@158b4e12{platform:/resource/Invoker/Augur/Augur.accesscontrolsystem#_UI1PsUxHEeyamoFIdSeJxw}':
No Message found.
21) FunctionToStateVariableRelation 'Validity bond is set' - Violation for OCL constraint 'edu.kit.kastel.sdq.AccessControlMetamodel.AccessControlSystem.impl.FunctionToStateVariableRelationImpl@4c528f46{platform:/resource/Invoker/Augur/Augur.accesscontrolsystem#_L0O8RUxHEeyamoFIdSeJxw}':
No Message found.
22) FunctionToStateVariableRelation 'Validity bond is set' - Violation for OCL constraint 'edu.kit.kastel.sdq.AccessControlMetamodel.AccessControlSystem.impl.BooleanVariableContextImpl@613707f8{platform:/resource/Invoker/Augur/Augur.accesscontrolsystem#_Jfst0UxHEeyamoFIdSeJxw}':
No Message found.
23) FunctionToStateVariableRelation 'Mark bonds as created' - Violation for OCL constraint 'edu.kit.kastel.sdq.AccessControlMetamodel.AccessControlSystem.impl.FunctionToStateVariableRelationImpl@531d1b23{platform:/resource/Invoker/Augur/Augur.accesscontrolsystem#_Cn7vVUxIEeyamoFIdSeJxw}':
No Message found.
24) FunctionToStateVariableRelation 'Mark bonds as created' - Violation for OCL constraint 'edu.kit.kastel.sdq.AccessControlMetamodel.AccessControlSystem.impl.BooleanVariableContextImpl@1ca9248c{platform:/resource/Invoker/Augur/Augur.accesscontrolsystem#_F3NHsUxIEeyamoFIdSeJxw}':
No Message found.
25) FunctionToStateVariableRelation 'Start Trading if reporter is already set' - Violation for OCL constraint 'edu.kit.kastel.sdq.AccessControlMetamodel.AccessControlSystem.impl.FunctionToStateVariableRelationImpl@44d9a0e0{platform:/resource/Invoker/Augur/Augur.accesscontrolsystem#_-z-Sh0xoEeyjw6u_kicIaw}':
No Message found.
26) FunctionToStateVariableRelation 'Start Trading if reporter is already set' - Violation for OCL constraint 'edu.kit.kastel.sdq.AccessControlMetamodel.AccessControlSystem.impl.BooleanVariableContextImpl@1d087744{platform:/resource/Invoker/Augur/Augur.accesscontrolsystem#_DmBsQUxpEeyjw6u_kicIaw}':
No Message found.
27) FunctionToStateVariableRelation 'Start Trading if reporter is already set' - Violation for OCL constraint 'edu.kit.kastel.sdq.AccessControlMetamodel.AccessControlSystem.impl.BooleanVariableContextImpl@26f7b3c5{platform:/resource/Invoker/Augur/Augur.accesscontrolsystem#_wyje0UxrEeyPQ88BzuemMA}':
No Message found.
28) FunctionToCsmRelation 'Buying shares changes shares' - Violation for OCL constraint 'edu.kit.kastel.sdq.AccessControlMetamodel.AccessControlSystem.impl.FunctionToCsmRelationImpl@73af7ed3{platform:/resource/Invoker/Augur/Augur.accesscontrolsystem#_yZxepExHEeyamoFIdSeJxw}':
No Message found.
29) FunctionToCsmRelation 'Buying shares changes shares' - Violation for OCL constraint 'edu.kit.kastel.sdq.AccessControlMetamodel.AccessControlSystem.impl.BooleanVariableContextImpl@7a781ee6{platform:/resource/Invoker/Augur/Augur.accesscontrolsystem#_u2KBYUxcEey-QZr4N-F2BA}':
No Message found.
30) FunctionToCsmRelation 'Selling shares changes shares' - Violation for OCL constraint 'edu.kit.kastel.sdq.AccessControlMetamodel.AccessControlSystem.impl.FunctionToCsmRelationImpl@2494e4ba{platform:/resource/Invoker/Augur/Augur.accesscontrolsystem#_2ecN9ExHEeyamoFIdSeJxw}':
No Message found.
31) FunctionToCsmRelation 'Selling shares changes shares' - Violation for OCL constraint 'edu.kit.kastel.sdq.AccessControlMetamodel.AccessControlSystem.impl.BooleanVariableContextImpl@3f660276{platform:/resource/Invoker/Augur/Augur.accesscontrolsystem#_tCUFMUxcEey-QZr4N-F2BA}':
No Message found.
32) FunctionToStateVariableRelation 'Designated report of the outcome' - Violation for OCL constraint 'edu.kit.kastel.sdq.AccessControlMetamodel.AccessControlSystem.impl.FunctionToStateVariableRelationImpl@37b7baaf{platform:/resource/Invoker/Augur/Augur.accesscontrolsystem#_dVXJVUxKEeynGZOoHpf2pA}':
No Message found.
33) FunctionToStateVariableRelation 'Designated report of the outcome' - Violation for OCL constraint 'edu.kit.kastel.sdq.AccessControlMetamodel.AccessControlSystem.impl.BooleanVariableContextImpl@d020d91{platform:/resource/Invoker/Augur/Augur.accesscontrolsystem#_mHOiYUxcEey-QZr4N-F2BA}':
No Message found.
34) FunctionToStateVariableRelation 'Designated report of the outcome' - Violation for OCL constraint 'edu.kit.kastel.sdq.AccessControlMetamodel.AccessControlSystem.impl.FunctionToStateVariableRelationImpl@eb099bf{platform:/resource/Invoker/Augur/Augur.accesscontrolsystem#_yU7jd0xeEey-QZr4N-F2BA}':
No Message found.
35) FunctionToStateVariableRelation 'Designated report of the outcome' - Violation for OCL constraint 'edu.kit.kastel.sdq.AccessControlMetamodel.AccessControlSystem.impl.BooleanVariableContextImpl@1ca4fad{platform:/resource/Invoker/Augur/Augur.accesscontrolsystem#_2omYEUxeEey-QZr4N-F2BA}':
No Message found.
36) FunctionToStateVariableRelation 'Disable designated reporting after designated report' - Violation for OCL constraint 'edu.kit.kastel.sdq.AccessControlMetamodel.AccessControlSystem.impl.FunctionToStateVariableRelationImpl@ba2fff9{platform:/resource/Invoker/Augur/Augur.accesscontrolsystem#_j7fDl0xcEey-QZr4N-F2BA}':
No Message found.
37) FunctionToStateVariableRelation 'Disable designated reporting after designated report' - Violation for OCL constraint 'edu.kit.kastel.sdq.AccessControlMetamodel.AccessControlSystem.impl.BooleanVariableContextImpl@16510599{platform:/resource/Invoker/Augur/Augur.accesscontrolsystem#_nNPvQUxcEey-QZr4N-F2BA}':
No Message found.
38) FunctionToStateVariableRelation 'Disable open reporting after designated report' - Violation for OCL constraint 'edu.kit.kastel.sdq.AccessControlMetamodel.AccessControlSystem.impl.FunctionToStateVariableRelationImpl@1c261b8d{platform:/resource/Invoker/Augur/Augur.accesscontrolsystem#_5pPId0xnEeyjw6u_kicIaw}':
No Message found.
39) FunctionToStateVariableRelation 'Disable open reporting after designated report' - Violation for OCL constraint 'edu.kit.kastel.sdq.AccessControlMetamodel.AccessControlSystem.impl.BooleanVariableContextImpl@4f428883{platform:/resource/Invoker/Augur/Augur.accesscontrolsystem#__I2y0UxnEeyjw6u_kicIaw}':
No Message found.
40) FunctionToStateVariableRelation 'Start disputing window after designated report' - Violation for OCL constraint 'edu.kit.kastel.sdq.AccessControlMetamodel.AccessControlSystem.impl.FunctionToStateVariableRelationImpl@5383fba5{platform:/resource/Invoker/Augur/Augur.accesscontrolsystem#_ES_8d0xoEeyjw6u_kicIaw}':
No Message found.
41) FunctionToStateVariableRelation 'Start disputing window after designated report' - Violation for OCL constraint 'edu.kit.kastel.sdq.AccessControlMetamodel.AccessControlSystem.impl.BooleanVariableContextImpl@4d604181{platform:/resource/Invoker/Augur/Augur.accesscontrolsystem#_It2-MUxoEeyjw6u_kicIaw}':
No Message found.
42) FunctionToStateVariableRelation 'Open report of the outcome' - Violation for OCL constraint 'edu.kit.kastel.sdq.AccessControlMetamodel.AccessControlSystem.impl.FunctionToStateVariableRelationImpl@61b6d1d3{platform:/resource/Invoker/Augur/Augur.accesscontrolsystem#_xW92dUxKEeynGZOoHpf2pA}':
No Message found.
43) FunctionToStateVariableRelation 'Open report of the outcome' - Violation for OCL constraint 'edu.kit.kastel.sdq.AccessControlMetamodel.AccessControlSystem.impl.BooleanVariableContextImpl@3a6b5bf6{platform:/resource/Invoker/Augur/Augur.accesscontrolsystem#_hAXWQUxcEey-QZr4N-F2BA}':
No Message found.
44) FunctionToStateVariableRelation 'Disable designated reporting after open report' - Violation for OCL constraint 'edu.kit.kastel.sdq.AccessControlMetamodel.AccessControlSystem.impl.FunctionToStateVariableRelationImpl@7679d1cd{platform:/resource/Invoker/Augur/Augur.accesscontrolsystem#_YhVUd0xcEey-QZr4N-F2BA}':
No Message found.
45) FunctionToStateVariableRelation 'Disable designated reporting after open report' - Violation for OCL constraint 'edu.kit.kastel.sdq.AccessControlMetamodel.AccessControlSystem.impl.BooleanVariableContextImpl@39dafaca{platform:/resource/Invoker/Augur/Augur.accesscontrolsystem#_hv3gkUxcEey-QZr4N-F2BA}':
No Message found.
46) FunctionToStateVariableRelation 'Disable open reporting after open report' - Violation for OCL constraint 'edu.kit.kastel.sdq.AccessControlMetamodel.AccessControlSystem.impl.FunctionToStateVariableRelationImpl@6eb59c6b{platform:/resource/Invoker/Augur/Augur.accesscontrolsystem#_kSGWV0xoEeyjw6u_kicIaw}':
No Message found.
47) FunctionToStateVariableRelation 'Disable open reporting after open report' - Violation for OCL constraint 'edu.kit.kastel.sdq.AccessControlMetamodel.AccessControlSystem.impl.BooleanVariableContextImpl@e61dea0{platform:/resource/Invoker/Augur/Augur.accesscontrolsystem#_m9zuoUxoEeyjw6u_kicIaw}':
No Message found.
48) FunctionToStateVariableRelation 'Start disputing window after open report' - Violation for OCL constraint 'edu.kit.kastel.sdq.AccessControlMetamodel.AccessControlSystem.impl.FunctionToStateVariableRelationImpl@362e8118{platform:/resource/Invoker/Augur/Augur.accesscontrolsystem#_P8-3V0xoEeyjw6u_kicIaw}':
No Message found.
49) FunctionToStateVariableRelation 'Start disputing window after open report' - Violation for OCL constraint 'edu.kit.kastel.sdq.AccessControlMetamodel.AccessControlSystem.impl.BooleanVariableContextImpl@584c21bd{platform:/resource/Invoker/Augur/Augur.accesscontrolsystem#_WnUoYUxoEeyjw6u_kicIaw}':
No Message found.
50) FunctionToStateVariableRelation 'Set open reporter address' - Violation for OCL constraint 'edu.kit.kastel.sdq.AccessControlMetamodel.AccessControlSystem.impl.FunctionToStateVariableRelationImpl@1a58b81b{platform:/resource/Invoker/Augur/Augur.accesscontrolsystem#_HJ7R10xeEey-QZr4N-F2BA}':
No Message found.
51) FunctionToStateVariableRelation 'Set open reporter address' - Violation for OCL constraint 'edu.kit.kastel.sdq.AccessControlMetamodel.AccessControlSystem.impl.BooleanVariableContextImpl@1a4cf12e{platform:/resource/Invoker/Augur/Augur.accesscontrolsystem#_K8Ps4UxeEey-QZr4N-F2BA}':
No Message found.
52) FunctionToStateVariableRelation 'Set outcome by reporting' - Violation for OCL constraint 'edu.kit.kastel.sdq.AccessControlMetamodel.AccessControlSystem.impl.FunctionToStateVariableRelationImpl@5828853e{platform:/resource/Invoker/Augur/Augur.accesscontrolsystem#_TPi0R0xoEeyjw6u_kicIaw}':
No Message found.
53) FunctionToStateVariableRelation 'Disable designated reporting after report' - Violation for OCL constraint 'edu.kit.kastel.sdq.AccessControlMetamodel.AccessControlSystem.impl.FunctionToStateVariableRelationImpl@6150164f{platform:/resource/Invoker/Augur/Augur.accesscontrolsystem#_b8L0R0xoEeyjw6u_kicIaw}':
No Message found.
54) FunctionToStateVariableRelation 'Disable open reporting after report' - Violation for OCL constraint 'edu.kit.kastel.sdq.AccessControlMetamodel.AccessControlSystem.impl.FunctionToStateVariableRelationImpl@3e17f21e{platform:/resource/Invoker/Augur/Augur.accesscontrolsystem#_rofVF0xoEeyjw6u_kicIaw}':
No Message found.
55) FunctionToStateVariableRelation 'Start disputing window after report' - Violation for OCL constraint 'edu.kit.kastel.sdq.AccessControlMetamodel.AccessControlSystem.impl.FunctionToStateVariableRelationImpl@432fb173{platform:/resource/Invoker/Augur/Augur.accesscontrolsystem#_wHeo50xoEeyjw6u_kicIaw}':
No Message found.
56) FunctionToStateVariableRelation 'Agree with the reported outcome' - Violation for OCL constraint 'edu.kit.kastel.sdq.AccessControlMetamodel.AccessControlSystem.impl.FunctionToStateVariableRelationImpl@5fb2dd5d{platform:/resource/Invoker/Augur/Augur.accesscontrolsystem#_jhXQN0xYEeyTx7SMCNNJcA}':
No Message found.
57) FunctionToStateVariableRelation 'Agree with the reported outcome' - Violation for OCL constraint 'edu.kit.kastel.sdq.AccessControlMetamodel.AccessControlSystem.impl.BooleanVariableContextImpl@3e315a8a{platform:/resource/Invoker/Augur/Augur.accesscontrolsystem#_SK7zEUxcEey-QZr4N-F2BA}':
No Message found.
58) FunctionToStateVariableRelation 'Disagree with the reported outcome' - Violation for OCL constraint 'edu.kit.kastel.sdq.AccessControlMetamodel.AccessControlSystem.impl.FunctionToStateVariableRelationImpl@3f37d850{platform:/resource/Invoker/Augur/Augur.accesscontrolsystem#_x7UYV0xYEeyTx7SMCNNJcA}':
No Message found.
59) FunctionToStateVariableRelation 'Disagree with the reported outcome' - Violation for OCL constraint 'edu.kit.kastel.sdq.AccessControlMetamodel.AccessControlSystem.impl.BooleanVariableContextImpl@12d42ec{platform:/resource/Invoker/Augur/Augur.accesscontrolsystem#_Ud7JYUxcEey-QZr4N-F2BA}':
No Message found.
60) FunctionToCsmRelation 'Outcome disputes are saved in CSM' - Violation for OCL constraint 'edu.kit.kastel.sdq.AccessControlMetamodel.AccessControlSystem.impl.FunctionToCsmRelationImpl@48bc2fa1{platform:/resource/Invoker/Augur/Augur.accesscontrolsystem#__JPwBExJEeynGZOoHpf2pA}':
No Message found.
61) FunctionToCsmRelation 'Outcome disputes are saved in CSM' - Violation for OCL constraint 'edu.kit.kastel.sdq.AccessControlMetamodel.AccessControlSystem.impl.BooleanVariableContextImpl@7cedd936{platform:/resource/Invoker/Augur/Augur.accesscontrolsystem#_VUV0AUxcEey-QZr4N-F2BA}':
No Message found.
62) FunctionToStateVariableRelation 'Close trading phase' - Violation for OCL constraint 'edu.kit.kastel.sdq.AccessControlMetamodel.AccessControlSystem.impl.FunctionToStateVariableRelationImpl@7d197ba3{platform:/resource/Invoker/Augur/Augur.accesscontrolsystem#_VovxAUxMEeynGZOoHpf2pA}':
No Message found.
63) FunctionToStateVariableRelation 'Allow designated report after trading' - Violation for OCL constraint 'edu.kit.kastel.sdq.AccessControlMetamodel.AccessControlSystem.impl.FunctionToStateVariableRelationImpl@16486cce{platform:/resource/Invoker/Augur/Augur.accesscontrolsystem#_IgzkN0xpEeyjw6u_kicIaw}':
No Message found.
64) FunctionToStateVariableRelation 'Disallow designated report' - Violation for OCL constraint 'edu.kit.kastel.sdq.AccessControlMetamodel.AccessControlSystem.impl.FunctionToStateVariableRelationImpl@3fa08881{platform:/resource/Invoker/Augur/Augur.accesscontrolsystem#_sFioB0xpEeyjw6u_kicIaw}':
No Message found.
65) FunctionToStateVariableRelation 'Disallow designated report' - Violation for OCL constraint 'edu.kit.kastel.sdq.AccessControlMetamodel.AccessControlSystem.impl.BooleanVariableContextImpl@2d96c22a{platform:/resource/Invoker/Augur/Augur.accesscontrolsystem#_v3Yh8UxpEeyjw6u_kicIaw}':
No Message found.
66) FunctionToStateVariableRelation 'Allow open report' - Violation for OCL constraint 'edu.kit.kastel.sdq.AccessControlMetamodel.AccessControlSystem.impl.FunctionToStateVariableRelationImpl@1be46058{platform:/resource/Invoker/Augur/Augur.accesscontrolsystem#_jOAFx0xMEeynGZOoHpf2pA}':
No Message found.
67) FunctionToStateVariableRelation 'Allow open report' - Violation for OCL constraint 'edu.kit.kastel.sdq.AccessControlMetamodel.AccessControlSystem.impl.BooleanVariableContextImpl@4e9f41f6{platform:/resource/Invoker/Augur/Augur.accesscontrolsystem#_q9L40UxpEeyjw6u_kicIaw}':
No Message found.
68) FunctionToStateVariableRelation 'Close disputing window' - Violation for OCL constraint 'edu.kit.kastel.sdq.AccessControlMetamodel.AccessControlSystem.impl.FunctionToStateVariableRelationImpl@75403c24{platform:/resource/Invoker/Augur/Augur.accesscontrolsystem#_rzTut0xMEeynGZOoHpf2pA}':
No Message found.
69) FunctionToStateVariableRelation 'Pay out creation bond after closing disputing window' - Violation for OCL constraint 'edu.kit.kastel.sdq.AccessControlMetamodel.AccessControlSystem.impl.FunctionToStateVariableRelationImpl@6e5c3734{platform:/resource/Invoker/Augur/Augur.accesscontrolsystem#_mCOTV0xsEeyPQ88BzuemMA}':
No Message found.
70) FunctionToStateVariableRelation 'Activate settlement after disputes' - Violation for OCL constraint 'edu.kit.kastel.sdq.AccessControlMetamodel.AccessControlSystem.impl.FunctionToStateVariableRelationImpl@56027c07{platform:/resource/Invoker/Augur/Augur.accesscontrolsystem#_zrPUR0xMEeynGZOoHpf2pA}':
No Message found.
71) FunctionToStateVariableRelation 'Creation bond marked as transferred' - Violation for OCL constraint 'edu.kit.kastel.sdq.AccessControlMetamodel.AccessControlSystem.impl.FunctionToStateVariableRelationImpl@62a607c0{platform:/resource/Invoker/Augur/Augur.accesscontrolsystem#_AtvbF0xqEeyjw6u_kicIaw}':
No Message found.
72) FunctionToStateVariableRelation 'Creation bond marked as transferred' - Violation for OCL constraint 'edu.kit.kastel.sdq.AccessControlMetamodel.AccessControlSystem.impl.BooleanVariableContextImpl@16f3a6ac{platform:/resource/Invoker/Augur/Augur.accesscontrolsystem#_F7eEMUxqEeyjw6u_kicIaw}':
No Message found.
73) StateVariable 'Designated Reporter' - Violation for OCL constraint 'edu.kit.kastel.sdq.soliditymetamodel.soliditycontracts.impl.StateVariableImpl@5cbe63a1{platform:/resource/Invoker/Augur/Market.smartcontractmodel#_3w1fY0xGEeyamoFIdSeJxw}':
No Message found.
74) StateVariable 'Open Reporter' - Violation for OCL constraint 'edu.kit.kastel.sdq.soliditymetamodel.soliditycontracts.impl.StateVariableImpl@ef4f7f1{platform:/resource/Invoker/Augur/Market.smartcontractmodel#_GY89U0xdEey-QZr4N-F2BA}':
No Message found.
75) StateVariable 'Validity Bond' - Violation for OCL constraint 'edu.kit.kastel.sdq.soliditymetamodel.soliditycontracts.impl.StateVariableImpl@5b9e645{platform:/resource/Invoker/Augur/Market.smartcontractmodel#_eOEzo0xCEeyamoFIdSeJxw}':
No Message found.
76) StateVariable 'Creation Bond' - Violation for OCL constraint 'edu.kit.kastel.sdq.soliditymetamodel.soliditycontracts.impl.StateVariableImpl@52c1977d{platform:/resource/Invoker/Augur/Market.smartcontractmodel#_jVag40xCEeyamoFIdSeJxw}':
No Message found.
77) StateVariable 'Creation Bond Paid Out' - Violation for OCL constraint 'edu.kit.kastel.sdq.soliditymetamodel.soliditycontracts.impl.StateVariableImpl@7dcd55ef{platform:/resource/Invoker/Augur/Market.smartcontractmodel#_sLHiA0xdEey-QZr4N-F2BA}':
No Message found.
78) StateVariable 'Shares' - Violation for OCL constraint 'edu.kit.kastel.sdq.soliditymetamodel.soliditycontracts.impl.StateVariableImpl@54af7ed8{platform:/resource/Invoker/Augur/Market.smartcontractmodel#_m8LMM0xCEeyamoFIdSeJxw}':
No Message found.
79) StateVariable 'Disagree Counter' - Violation for OCL constraint 'edu.kit.kastel.sdq.soliditymetamodel.soliditycontracts.impl.StateVariableImpl@1eee21c6{platform:/resource/Invoker/Augur/Market.smartcontractmodel#_r6Gcw0xYEeyTx7SMCNNJcA}':
No Message found.
80) StateVariable 'Agree Counter' - Violation for OCL constraint 'edu.kit.kastel.sdq.soliditymetamodel.soliditycontracts.impl.StateVariableImpl@40ca2719{platform:/resource/Invoker/Augur/Market.smartcontractmodel#_pV-TI0xYEeyTx7SMCNNJcA}':
No Message found.
81) StateVariable 'Disputes' - Violation for OCL constraint 'edu.kit.kastel.sdq.soliditymetamodel.soliditycontracts.impl.StateVariableImpl@573f60c2{platform:/resource/Invoker/Augur/Market.smartcontractmodel#_sn71I0xCEeyamoFIdSeJxw}':
No Message found.
82) StateVariable 'Reported Outcome' - Violation for OCL constraint 'edu.kit.kastel.sdq.soliditymetamodel.soliditycontracts.impl.StateVariableImpl@78c99d43{platform:/resource/Invoker/Augur/Market.smartcontractmodel#_ROx7k0xWEeyj2PuK7DREcw}':
No Message found.
83) StateVariable 'Created Bonds' - Violation for OCL constraint 'edu.kit.kastel.sdq.soliditymetamodel.soliditycontracts.impl.StateVariableImpl@1746638d{platform:/resource/Invoker/Augur/Market.smartcontractmodel#__zSIU0xFEeyamoFIdSeJxw}':
No Message found.
84) StateVariable 'Reporter Set' - Violation for OCL constraint 'edu.kit.kastel.sdq.soliditymetamodel.soliditycontracts.impl.StateVariableImpl@6a57c93{platform:/resource/Invoker/Augur/Market.smartcontractmodel#_CrMwo0xGEeyamoFIdSeJxw}':
No Message found.
85) StateVariable 'Trading Active' - Violation for OCL constraint 'edu.kit.kastel.sdq.soliditymetamodel.soliditycontracts.impl.StateVariableImpl@2ab035f5{platform:/resource/Invoker/Augur/Market.smartcontractmodel#_TA1JA0xLEeynGZOoHpf2pA}':
No Message found.
86) StateVariable 'Designated Report Allowed' - Violation for OCL constraint 'edu.kit.kastel.sdq.soliditymetamodel.soliditycontracts.impl.StateVariableImpl@1ea79665{platform:/resource/Invoker/Augur/Market.smartcontractmodel#__QXZw0xLEeynGZOoHpf2pA}':
No Message found.
87) StateVariable 'Open Report Allowed' - Violation for OCL constraint 'edu.kit.kastel.sdq.soliditymetamodel.soliditycontracts.impl.StateVariableImpl@3ad9c437{platform:/resource/Invoker/Augur/Market.smartcontractmodel#_ZXLnE0xLEeynGZOoHpf2pA}':
No Message found.
88) StateVariable 'Disputes Allowed' - Violation for OCL constraint 'edu.kit.kastel.sdq.soliditymetamodel.soliditycontracts.impl.StateVariableImpl@17b5661b{platform:/resource/Invoker/Augur/Market.smartcontractmodel#_btSi00xLEeynGZOoHpf2pA}':
No Message found.
89) StateVariable 'Settlement Phase Active' - Violation for OCL constraint 'edu.kit.kastel.sdq.soliditymetamodel.soliditycontracts.impl.StateVariableImpl@3c01e685{platform:/resource/Invoker/Augur/Market.smartcontractmodel#_dyWx40xLEeynGZOoHpf2pA}':
No Message found.
90) StateVariable 'Designated Reporter Reported' - Violation for OCL constraint 'edu.kit.kastel.sdq.soliditymetamodel.soliditycontracts.impl.StateVariableImpl@1e375bde{platform:/resource/Invoker/Augur/Market.smartcontractmodel#_5vklg0xdEey-QZr4N-F2BA}':
No Message found.
91) Constructor 'edu.kit.kastel.sdq.soliditymetamodel.soliditycontracts.impl.ConstructorImpl@6a3bcc53 (content: null)' - Violation for OCL constraint 'edu.kit.kastel.sdq.soliditymetamodel.soliditycontracts.impl.ConstructorImpl@6a3bcc53{platform:/resource/Invoker/Augur/Market.smartcontractmodel#//@constructor}':
No Message found.
92) Mapping 'edu.kit.kastel.sdq.soliditymetamodel.soliditycontracts.impl.MappingImpl@5602fab1 (dataLocation: storage)' - Violation for OCL constraint 'edu.kit.kastel.sdq.soliditymetamodel.soliditycontracts.impl.MappingImpl@5602fab1{platform:/resource/Invoker/Augur/Market.smartcontractmodel#_SheClkxCEeyamoFIdSeJxw}':
No Message found.
93) Mapping 'edu.kit.kastel.sdq.soliditymetamodel.soliditycontracts.impl.MappingImpl@65841b3a (dataLocation: storage)' - Violation for OCL constraint 'edu.kit.kastel.sdq.soliditymetamodel.soliditycontracts.impl.MappingImpl@65841b3a{platform:/resource/Invoker/Augur/Market.smartcontractmodel#_dcec9kxVEeyj2PuK7DREcw}':
No Message found.
94) Enum 'Outcome Acceptance' - Violation for OCL constraint 'edu.kit.kastel.sdq.soliditymetamodel.soliditycontracts.impl.EnumImpl@414955ff{platform:/resource/Invoker/Augur/Market.smartcontractmodel#_wM1StUxXEeyj2PuK7DREcw}':
No Message found.
95) GlobalFunction 'Set Reporter' - Violation for OCL constraint 'edu.kit.kastel.sdq.soliditymetamodel.soliditycontracts.impl.GlobalFunctionImpl@75a450d1{platform:/resource/Invoker/Augur/Market.smartcontractmodel#_zatJcUxCEeyamoFIdSeJxw}':
No Message found.
96) GlobalFunction 'Set Bonds' - Violation for OCL constraint 'edu.kit.kastel.sdq.soliditymetamodel.soliditycontracts.impl.GlobalFunctionImpl@34b2eba6{platform:/resource/Invoker/Augur/Market.smartcontractmodel#_sFiyYUxFEeyamoFIdSeJxw}':
No Message found.
97) GlobalFunction 'Buy Shares' - Violation for OCL constraint 'edu.kit.kastel.sdq.soliditymetamodel.soliditycontracts.impl.GlobalFunctionImpl@71aa7bc1{platform:/resource/Invoker/Augur/Market.smartcontractmodel#_6DxvMUxCEeyamoFIdSeJxw}':
No Message found.
98) GlobalFunction 'Sell Shares' - Violation for OCL constraint 'edu.kit.kastel.sdq.soliditymetamodel.soliditycontracts.impl.GlobalFunctionImpl@7a473ea6{platform:/resource/Invoker/Augur/Market.smartcontractmodel#_8DtmoUxCEeyamoFIdSeJxw}':
No Message found.
99) GlobalFunction 'Claim Reporter Role' - Violation for OCL constraint 'edu.kit.kastel.sdq.soliditymetamodel.soliditycontracts.impl.GlobalFunctionImpl@2db2cbe7{platform:/resource/Invoker/Augur/Market.smartcontractmodel#_NmSYgVBUEeyGMId-Imar3w}':
No Message found.
100) GlobalFunction 'Designated Report' - Violation for OCL constraint 'edu.kit.kastel.sdq.soliditymetamodel.soliditycontracts.impl.GlobalFunctionImpl@efeea2c{platform:/resource/Invoker/Augur/Market.smartcontractmodel#_9LLlAUxCEeyamoFIdSeJxw}':
No Message found.
101) GlobalFunction 'Open Report' - Violation for OCL constraint 'edu.kit.kastel.sdq.soliditymetamodel.soliditycontracts.impl.GlobalFunctionImpl@2ca8ec41{platform:/resource/Invoker/Augur/Market.smartcontractmodel#_B8v2kUxDEeyamoFIdSeJxw}':
No Message found.
102) LocalFunction 'Report' - Violation for OCL constraint 'edu.kit.kastel.sdq.soliditymetamodel.soliditycontracts.impl.LocalFunctionImpl@6f59557c{platform:/resource/Invoker/Augur/Market.smartcontractmodel#_CyQNUExmEeyjw6u_kicIaw}':
No Message found.
103) GlobalFunction 'Dispute Outcome' - Violation for OCL constraint 'edu.kit.kastel.sdq.soliditymetamodel.soliditycontracts.impl.GlobalFunctionImpl@548f4683{platform:/resource/Invoker/Augur/Market.smartcontractmodel#_Es5qAUxDEeyamoFIdSeJxw}':
No Message found.
104) GlobalFunction 'Close Trading' - Violation for OCL constraint 'edu.kit.kastel.sdq.soliditymetamodel.soliditycontracts.impl.GlobalFunctionImpl@2dd969b4{platform:/resource/Invoker/Augur/Market.smartcontractmodel#_jiUmkUxlEeyjw6u_kicIaw}':
No Message found.
105) GlobalFunction 'Allow Open Report' - Violation for OCL constraint 'edu.kit.kastel.sdq.soliditymetamodel.soliditycontracts.impl.GlobalFunctionImpl@467852aa{platform:/resource/Invoker/Augur/Market.smartcontractmodel#_nmtCAUxlEeyjw6u_kicIaw}':
No Message found.
106) GlobalFunction 'Close Disputing Window' - Violation for OCL constraint 'edu.kit.kastel.sdq.soliditymetamodel.soliditycontracts.impl.GlobalFunctionImpl@632f0dac{platform:/resource/Invoker/Augur/Market.smartcontractmodel#_qbKtsUxlEeyjw6u_kicIaw}':
No Message found.
107) LocalFunction 'Sent Creation Bond' - Violation for OCL constraint 'edu.kit.kastel.sdq.soliditymetamodel.soliditycontracts.impl.LocalFunctionImpl@4dbae414{platform:/resource/Invoker/Augur/Market.smartcontractmodel#_sNAtgExfEey-QZr4N-F2BA}':
No Message found.